#
# A fatal error has been detected by the Java Runtime Environment:
#
#  EXCEPTION_ACCESS_VIOLATION (0xc0000005) at pc=0x00000000037b1836, pid=23824, tid=0x000000000000468c
#
# JRE version: Java(TM) SE Runtime Environment (8.0_111-b14) (build 1.8.0_111-b14)
# Java VM: Java HotSpot(TM) 64-Bit Server VM (25.111-b14 mixed mode windows-amd64 compressed oops)
# Problematic frame:
# J 3 C1 java.util.concurrent.ConcurrentHashMap.tabAt([Ljava/util/concurrent/ConcurrentHashMap$Node;I)Ljava/util/concurrent/ConcurrentHashMap$Node; (21 bytes) @ 0x00000000037b1836 [0x00000000037b17e0+0x56]
#
# Failed to write core dump. Minidumps are not enabled by default on client versions of Windows
#
# If you would like to submit a bug report, please visit:
#   http://bugreport.java.com/bugreport/crash.jsp
#

---------------  T H R E A D  ---------------

Current thread (0x00000000035b5800):  JavaThread "main" [_thread_in_Java, id=18060, stack(0x00000000032c0000,0x00000000033c0000)]

siginfo: ExceptionCode=0xc0000005, reading address 0x0000000000000034

Registers:
RAX=0x0000000000000034, RBX=0x000000001c8e0760, RCX=0x0000000000000002, RDX=0x0000000000000000
RSP=0x00000000033be870, RBP=0x00000000033be9b0, RSI=0x00000000035b5800, RDI=0x00000000ffffffff
R8 =0x0000000000000009, R9 =0x0000000000000002, R10=0x0000000000000010, R11=0x00000000037b17e0
R12=0x0000000000000000, R13=0x00000000033be8c8, R14=0x00000000033beac0, R15=0x00000000035b5800
RIP=0x00000000037b1836, EFLAGS=0x0000000000010202

Top of Stack: (sp=0x00000000033be870)
0x00000000033be870:   0000000000000000 000000005eee6b23
0x00000000033be880:   0000000000000000 0000000000000000
0x00000000033be890:   0000000000000000 0000000000000000
0x00000000033be8a0:   00000000035b6200 000000005eeed2e2
0x00000000033be8b0:   00000000033be9b0 00000000036b08da
0x00000000033be8c0:   00000000036b08da 0000000000000009
0x00000000033be8d0:   0000000000000000 cafebabecafebabe
0x00000000033be8e0:   cafebabecafebabe 0000000000000000
0x00000000033be8f0:   0000000000000000 0000000000000000
0x00000000033be900:   0000000000000000 0000000000000000
0x00000000033be910:   0000000000000000 0000000000000000
0x00000000033be920:   0000000000000000 0000000000000000
0x00000000033be930:   0000000000000000 0000000000000000
0x00000000033be940:   0000000000000000 cafebabecafebabe
0x00000000033be950:   cafebabecafebabe cafebabecafebabe
0x00000000033be960:   cafebabecafebabe 0000000000000000 

Instructions: (pc=0x00000000037b1836)
0x00000000037b1816:   f8 00 0f 84 0b 01 00 00 49 63 c0 b9 02 00 00 00
0x00000000037b1826:   48 d3 e0 49 ba 10 00 00 00 00 00 00 00 49 03 c2
0x00000000037b1836:   8b 04 02 48 c1 e0 03 48 83 f8 00 75 19 48 bf 00
0x00000000037b1846:   91 9b 1c 00 00 00 00 81 8f 30 01 00 00 00 01 00 


Register to memory mapping:

RAX=0x0000000000000034 is an unknown value
RBX={method} {0x000000001c8e0768} 'tabAt' '([Ljava/util/concurrent/ConcurrentHashMap$Node;I)Ljava/util/concurrent/ConcurrentHashMap$Node;' in 'java/util/concurrent/ConcurrentHashMap'
RCX=0x0000000000000002 is an unknown value
RDX=0x0000000000000000 is an unknown value
RSP=0x00000000033be870 is pointing into the stack for thread: 0x00000000035b5800
RBP=0x00000000033be9b0 is pointing into the stack for thread: 0x00000000035b5800
RSI=0x00000000035b5800 is a thread
RDI=0x00000000ffffffff is an unknown value
R8 =0x0000000000000009 is an unknown value
R9 =0x0000000000000002 is an unknown value
R10=0x0000000000000010 is an unknown value
R11=0x00000000037b17e0 is at entry_point+0 in (nmethod*)0x00000000037b1690
R12=0x0000000000000000 is an unknown value
R13=0x00000000033be8c8 is pointing into the stack for thread: 0x00000000035b5800
R14=0x00000000033beac0 is pointing into the stack for thread: 0x00000000035b5800
R15=0x00000000035b5800 is a thread


Stack: [0x00000000032c0000,0x00000000033c0000],  sp=0x00000000033be870,  free space=1018k
Native frames: (J=compiled Java code, j=interpreted, Vv=VM code, C=native code)
C  0x00000000037b1836


---------------  P R O C E S S  ---------------

Java Threads: ( => current thread )
  0x000000001ff35800 JavaThread "Service Thread" daemon [_thread_blocked, id=4400, stack(0x00000000207c0000,0x00000000208c0000)]
  0x000000001fe8d800 JavaThread "C1 CompilerThread3" daemon [_thread_blocked, id=10012, stack(0x00000000206c0000,0x00000000207c0000)]
  0x000000001fe8c800 JavaThread "C2 CompilerThread2" daemon [_thread_blocked, id=15476, stack(0x00000000205c0000,0x00000000206c0000)]
  0x000000001fe8a000 JavaThread "C2 CompilerThread1" daemon [_thread_blocked, id=20736, stack(0x00000000204c0000,0x00000000205c0000)]
  0x000000001fe87000 JavaThread "C2 CompilerThread0" daemon [_thread_blocked, id=20744, stack(0x00000000203c0000,0x00000000204c0000)]
  0x000000001f08b000 JavaThread "JDWP Command Reader" daemon [_thread_in_native, id=21988, stack(0x000000001f9c0000,0x000000001fac0000)]
  0x000000001f087800 JavaThread "JDWP Event Helper Thread" daemon [_thread_blocked, id=17840, stack(0x000000001f8c0000,0x000000001f9c0000)]
  0x000000001f078000 JavaThread "JDWP Transport Listener: dt_socket" daemon [_thread_blocked, id=9788, stack(0x000000001f6e0000,0x000000001f7e0000)]
  0x000000001f071000 JavaThread "Attach Listener" daemon [_thread_blocked, id=20724, stack(0x000000001f5e0000,0x000000001f6e0000)]
  0x000000001f022800 JavaThread "Signal Dispatcher" daemon [_thread_blocked, id=8372, stack(0x000000001f4e0000,0x000000001f5e0000)]
  0x000000001f000800 JavaThread "Finalizer" daemon [_thread_blocked, id=3412, stack(0x000000001f3e0000,0x000000001f4e0000)]
  0x00000000036ab000 JavaThread "Reference Handler" daemon [_thread_blocked, id=13676, stack(0x000000001eee0000,0x000000001efe0000)]
=>0x00000000035b5800 JavaThread "main" [_thread_in_Java, id=18060, stack(0x00000000032c0000,0x00000000033c0000)]

Other Threads:
  0x000000001d108800 VMThread [stack: 0x000000001ede0000,0x000000001eee0000] [id=23280]
  0x000000001ffca800 WatcherThread [stack: 0x00000000208c0000,0x00000000209c0000] [id=11584]

VM state:not at safepoint (normal execution)

VM Mutex/Monitor currently owned by a thread: None

Heap:
 PSYoungGen      total 76288K, used 6579K [0x000000076b180000, 0x0000000770680000, 0x00000007c0000000)
  eden space 65536K, 10% used [0x000000076b180000,0x000000076b7eccf8,0x000000076f180000)
  from space 10752K, 0% used [0x000000076fc00000,0x000000076fc00000,0x0000000770680000)
  to   space 10752K, 0% used [0x000000076f180000,0x000000076f180000,0x000000076fc00000)
 ParOldGen       total 175104K, used 0K [0x00000006c1400000, 0x00000006cbf00000, 0x000000076b180000)
  object space 175104K, 0% used [0x00000006c1400000,0x00000006c1400000,0x00000006cbf00000)
 Metaspace       used 3280K, capacity 4568K, committed 4864K, reserved 1056768K
  class space    used 360K, capacity 392K, committed 512K, reserved 1048576K

Card table byte_map: [0x0000000012a70000,0x0000000013270000] byte_map_base: 0x000000000f466000

Marking Bits: (ParMarkBitMap*) 0x000000005f4ea6c0
 Begin Bits: [0x0000000013fc0000, 0x0000000017f70000)
 End Bits:   [0x0000000017f70000, 0x000000001bf20000)

Polling page: 0x00000000015e0000

CodeCache: size=245760Kb used=1147Kb max_used=1159Kb free=244612Kb
 bounds [0x00000000036b0000, 0x0000000003920000, 0x00000000126b0000]
 total_blobs=284 nmethods=49 adapters=156
 compilation: enabled

Compilation events (10 events):
Event: 411.572 Thread 0x000000001fe8d800 nmethod 47 0x00000000037c63d0 code [0x00000000037c6520, 0x00000000037c6610]
Event: 411.572 Thread 0x000000001fe8d800   48       3       java.lang.AbstractStringBuilder::<init> (12 bytes)
Event: 411.573 Thread 0x000000001fe8d800 nmethod 48 0x00000000037cce50 code [0x00000000037ccfc0, 0x00000000037cd210]
Event: 411.573 Thread 0x000000001fe87000 nmethod 45 0x00000000037d01d0 code [0x00000000037d0320, 0x00000000037d0628]
Event: 411.573 Thread 0x000000001fe87000   44       4       java.io.WinNTFileSystem::isSlash (18 bytes)
Event: 411.574 Thread 0x000000001fe8c800 nmethod 46 0x00000000037d07d0 code [0x00000000037d0920, 0x00000000037d0af8]
Event: 411.574 Thread 0x000000001fe8c800   49  s    4       java.lang.StringBuffer::append (13 bytes)
Event: 411.574 Thread 0x000000001fe87000 nmethod 44 0x00000000037c9590 code [0x00000000037c96c0, 0x00000000037c9738]
Event: 411.575 Thread 0x000000001fe8a000 nmethod 43 0x00000000037ce510 code [0x00000000037ce660, 0x00000000037cea68]
Event: 411.578 Thread 0x000000001fe8c800 nmethod 49 0x00000000037cd9d0 code [0x00000000037cdb40, 0x00000000037ce1a8]

GC Heap History (0 events):
No events

Deoptimization events (0 events):
No events

Internal exceptions (3 events):
Event: 0.117 Thread 0x00000000035b5800 Exception <a 'java/lang/NoSuchMethodError': Method sun.misc.Unsafe.defineClass(Ljava/lang/String;[BII)Ljava/lang/Class; name or signature does not match> (0x000000076b187c78) thrown at [C:\re\workspace\8-2-build-windows-amd64-cygwin\jdk8u111\7883\hotspot\
Event: 0.117 Thread 0x00000000035b5800 Exception <a 'java/lang/NoSuchMethodError': Method sun.misc.Unsafe.prefetchRead(Ljava/lang/Object;J)V name or signature does not match> (0x000000076b187f60) thrown at [C:\re\workspace\8-2-build-windows-amd64-cygwin\jdk8u111\7883\hotspot\src\share\vm\prims
Event: 421.485 Thread 0x00000000035b5800 Implicit null exception at 0x00000000037b1836 to 0x0000000000000000

Events (10 events):
Event: 421.482 Executing VM operation: GetOrSetLocal
Event: 421.482 Executing VM operation: GetOrSetLocal done
Event: 421.482 Executing VM operation: GetOrSetLocal
Event: 421.482 Executing VM operation: GetOrSetLocal done
Event: 421.483 Executing VM operation: GetOrSetLocal
Event: 421.483 Executing VM operation: GetOrSetLocal done
Event: 421.483 Executing VM operation: GetOrSetLocal
Event: 421.483 Executing VM operation: GetOrSetLocal done
Event: 421.483 Executing VM operation: GetOrSetLocal
Event: 421.484 Executing VM operation: GetOrSetLocal done


Dynamic libraries:
0x00007ff718740000 - 0x00007ff718777000 	D:\Program Files\Java\jdk1.8.0_111\bin\java.exe
0x00007ff8bde20000 - 0x00007ff8be001000 	C:\WINDOWS\SYSTEM32\ntdll.dll
0x00007ff8bd330000 - 0x00007ff8bd3e1000 	C:\WINDOWS\System32\KERNEL32.DLL
0x00007ff8ba800000 - 0x00007ff8baa73000 	C:\WINDOWS\System32\KERNELBASE.dll
0x00007ff8bcc20000 - 0x00007ff8bccc1000 	C:\WINDOWS\System32\ADVAPI32.dll
0x00007ff8bd050000 - 0x00007ff8bd0ee000 	C:\WINDOWS\System32\msvcrt.dll
0x00007ff8bdab0000 - 0x00007ff8bdb0b000 	C:\WINDOWS\System32\sechost.dll
0x00007ff8bccd0000 - 0x00007ff8bcdf4000 	C:\WINDOWS\System32\RPCRT4.dll
0x00007ff8bca90000 - 0x00007ff8bcc20000 	C:\WINDOWS\System32\USER32.dll
0x00007ff8baa80000 - 0x00007ff8baaa0000 	C:\WINDOWS\System32\win32u.dll
0x00007ff8bd290000 - 0x00007ff8bd2b8000 	C:\WINDOWS\System32\GDI32.dll
0x00007ff8ba2e0000 - 0x00007ff8ba471000 	C:\WINDOWS\System32\gdi32full.dll
0x00007ff8baaa0000 - 0x00007ff8bab3f000 	C:\WINDOWS\System32\msvcp_win.dll
0x00007ff8ba1e0000 - 0x00007ff8ba2d8000 	C:\WINDOWS\System32\ucrtbase.dll
0x00007ff8ae9d0000 - 0x00007ff8aec39000 	C:\WINDOWS\WinSxS\amd64_microsoft.windows.common-controls_6595b64144ccf1df_6.0.17134.1038_none_d3fe8c457c918b86\COMCTL32.dll
0x00007ff8bb2c0000 - 0x00007ff8bb5e1000 	C:\WINDOWS\System32\combase.dll
0x00007ff8ba480000 - 0x00007ff8ba4f9000 	C:\WINDOWS\System32\bcryptPrimitives.dll
0x00007ff8bca60000 - 0x00007ff8bca8d000 	C:\WINDOWS\System32\IMM32.DLL
0x0000000061a00000 - 0x0000000061ad2000 	D:\Program Files\Java\jdk1.8.0_111\jre\bin\msvcr100.dll
0x000000005ecd0000 - 0x000000005f56a000 	D:\Program Files\Java\jdk1.8.0_111\jre\bin\server\jvm.dll
0x00007ff8bd2c0000 - 0x00007ff8bd2c8000 	C:\WINDOWS\System32\PSAPI.DLL
0x00007ff8b5ec0000 - 0x00007ff8b5ec9000 	C:\WINDOWS\SYSTEM32\WSOCK32.dll
0x00007ff8b6300000 - 0x00007ff8b630a000 	C:\WINDOWS\SYSTEM32\VERSION.dll
0x00007ff8b1800000 - 0x00007ff8b1823000 	C:\WINDOWS\SYSTEM32\WINMM.dll
0x00007ff8bce60000 - 0x00007ff8bcecc000 	C:\WINDOWS\System32\WS2_32.dll
0x00007ff8b17c0000 - 0x00007ff8b17ea000 	C:\WINDOWS\SYSTEM32\winmmbase.dll
0x00007ff8bab40000 - 0x00007ff8bab89000 	C:\WINDOWS\System32\cfgmgr32.dll
0x00000000619f0000 - 0x00000000619ff000 	D:\Program Files\Java\jdk1.8.0_111\jre\bin\verify.dll
0x00000000619c0000 - 0x00000000619e9000 	D:\Program Files\Java\jdk1.8.0_111\jre\bin\java.dll
0x0000000061930000 - 0x0000000061965000 	D:\Program Files\Java\jdk1.8.0_111\jre\bin\jdwp.dll
0x0000000061920000 - 0x0000000061928000 	D:\Program Files\Java\jdk1.8.0_111\jre\bin\npt.dll
0x00000000618f0000 - 0x0000000061913000 	D:\Program Files\Java\jdk1.8.0_111\jre\bin\instrument.dll
0x00000000619a0000 - 0x00000000619b6000 	D:\Program Files\Java\jdk1.8.0_111\jre\bin\zip.dll
0x00007ff8bb600000 - 0x00007ff8bca44000 	C:\WINDOWS\System32\SHELL32.dll
0x00007ff8bd4e0000 - 0x00007ff8bd589000 	C:\WINDOWS\System32\shcore.dll
0x00007ff8bab90000 - 0x00007ff8bb2a0000 	C:\WINDOWS\System32\windows.storage.dll
0x00007ff8bce00000 - 0x00007ff8bce51000 	C:\WINDOWS\System32\shlwapi.dll
0x00007ff8ba1a0000 - 0x00007ff8ba1b1000 	C:\WINDOWS\System32\kernel.appcore.dll
0x00007ff8ba1c0000 - 0x00007ff8ba1df000 	C:\WINDOWS\System32\profapi.dll
0x00007ff8ba150000 - 0x00007ff8ba19c000 	C:\WINDOWS\System32\powrprof.dll
0x00007ff8ba120000 - 0x00007ff8ba12a000 	C:\WINDOWS\System32\FLTLIB.DLL
0x00000000618e0000 - 0x00000000618e9000 	D:\Program Files\Java\jdk1.8.0_111\jre\bin\dt_socket.dll
0x00007ff8b1a90000 - 0x00007ff8b1ab0000 	C:\WINDOWS\system32\PrxerDrv.dll
0x00007ff8b9950000 - 0x00007ff8b99b6000 	C:\WINDOWS\system32\mswsock.dll
0x00007ff8b89d0000 - 0x00007ff8b8b99000 	C:\WINDOWS\SYSTEM32\dbghelp.dll

VM Arguments:
jvm_args: -agentlib:jdwp=transport=dt_socket,address=127.0.0.1:56189,suspend=y,server=n -javaagent:C:\Users\LiXinlei\.IntelliJIdea2017.3\system\captureAgent\debugger-agent.jar=C:\Users\LiXinlei\AppData\Local\Temp\capture.props -Dfile.encoding=UTF-8 
java_command: mooccolumn._16.Demo_16_1
java_class_path (initial): D:\Program Files\Java\jdk1.8.0_111\jre\lib\charsets.jar;D:\Program Files\Java\jdk1.8.0_111\jre\lib\deploy.jar;D:\Program Files\Java\jdk1.8.0_111\jre\lib\ext\access-bridge-64.jar;D:\Program Files\Java\jdk1.8.0_111\jre\lib\ext\cldrdata.jar;D:\Program Files\Java\jdk1.8.0_111\jre\lib\ext\dnsns.jar;D:\Program Files\Java\jdk1.8.0_111\jre\lib\ext\jaccess.jar;D:\Program Files\Java\jdk1.8.0_111\jre\lib\ext\jfxrt.jar;D:\Program Files\Java\jdk1.8.0_111\jre\lib\ext\localedata.jar;D:\Program Files\Java\jdk1.8.0_111\jre\lib\ext\nashorn.jar;D:\Program Files\Java\jdk1.8.0_111\jre\lib\ext\sunec.jar;D:\Program Files\Java\jdk1.8.0_111\jre\lib\ext\sunjce_provider.jar;D:\Program Files\Java\jdk1.8.0_111\jre\lib\ext\sunmscapi.jar;D:\Program Files\Java\jdk1.8.0_111\jre\lib\ext\sunpkcs11.jar;D:\Program Files\Java\jdk1.8.0_111\jre\lib\ext\zipfs.jar;D:\Program Files\Java\jdk1.8.0_111\jre\lib\javaws.jar;D:\Program Files\Java\jdk1.8.0_111\jre\lib\jce.jar;D:\Program Files\Java\jdk1.8.0_111\jre\lib\jfr.jar;D:\Program Files\Java\jdk1.8.0_111\jre\lib\jfxswt.jar;D:\Program Files\Java\jdk1.8.0_111\jre\lib\jsse.jar;D:\Program Files\Java\jdk1.8.0_111\jre\lib\management-agent.jar;D:\Program Files\Java\jdk1.8.0_111\jre\lib\plugin.jar;D:\Program Files\Java\jdk1.8.0_111\jre\lib\resources.jar;D:\Program Files\Java\jdk1.8.0_111\jre\lib\rt.jar;C:\Users\LiXinlei\Desktop\concurrency\target\classes;D:\repo\maven3.5.4\joda-time\joda-time\2.9\joda-time-2.9.jar;D:\repo\maven3.5.4\com\google\guava\guava\23.0\guava-23.0.jar;D:\repo\maven3.5.4\com\google\code\findbugs\jsr305\1.3.9\jsr305-1.3.9.jar;D:\repo\maven3.5.4\com\google\errorprone\error_prone_annotations\2.0.18\error_prone_annotations-2.0.18.jar;D:\repo\maven3.5.4\com\google\j2objc\j2objc-annotations\1.1\j2objc-annotations-1.1.jar;D:\repo\maven3.5.4\org\codehaus\mojo\animal-sniffer-annotations\1.14\animal-sniffer-annotations-1.14.jar;D:\repo\maven3.5.4\org\projectlombok\lombok\1.16.10\lombok-1.16.10.jar;D:\repo\maven3.5.4\org\spring
Launcher Type: SUN_STANDARD

Environment Variables:
JAVA_HOME=D:\Program Files\Java\jdk1.8.0_111
CLASSPATH=.;D:\Program Files\Java\jdk1.8.0_111\lib;D:\Program Files\Java\jdk1.8.0_111\lib\tools.jar
PATH=C:\Program Files\Docker\Docker\Resources\bin;D:\Perl\site\bin;D:\Perl\bin;D:\app\LiXinlei\product\11.2.0\dbhome_1\bin;C:\Program Files (x86)\Intel\iCLS Client\;C:\Program Files\Intel\iCLS Client\;C:\Windows\system32;C:\Windows;C:\Windows\System32\Wbem;C:\Windows\System32\WindowsPowerShell\v1.0\;C:\Program Files (x86)\NVIDIA Corporation\PhysX\Common;C:\Program Files (x86)\Intel\Intel(R) Management Engine Components\DAL;C:\Program Files\Intel\Intel(R) Management Engine Components\DAL;C:\Program Files (x86)\Intel\Intel(R) Management Engine Components\IPT;C:\Program Files\Intel\Intel(R) Management Engine Components\IPT;D:\Program Files\Java\jdk1.8.0_111\bin;D:\Program Files\Java\jdk1.8.0_111\jre\bin;D:\Program Files\SlikSvn\bin;D:\Program Files (x86)\apache-maven-3.5.4\bin;C:\WINDOWS\system32;C:\WINDOWS;C:\WINDOWS\System32\Wbem;C:\WINDOWS\System32\WindowsPowerShell\v1.0\;D:\Program Files (x86)\apache-ant-1.9.7\bin;D:\Program Files\TortoiseSVN\bin;C:\Program Files\MySQL\MySQL Server 5.7\bin;D:\Program Files\Git\cmd;C:\Program Files (x86)\Microsoft SQL Server\100\Tools\Binn\;C:\Program Files\Microsoft SQL Server\100\Tools\Binn\;C:\Program Files\Microsoft SQL Server\100\DTS\Binn\;D:\Program Files (x86)\gradle-4.1\bin;D:\Program Files\nodejs\;D:\Program Files\Python36;D:\Program Files\Microsoft SQL Server\Client SDK\ODBC\130\Tools\Binn\;D:\Program Files (x86)\Microsoft SQL Server\140\Tools\Binn\;D:\Program Files\Microsoft SQL Server\140\Tools\Binn\;D:\Program Files\Microsoft SQL Server\140\DTS\Binn\;C:\WINDOWS\System32\OpenSSH\;D:\Program Files\Microsoft VS Code\bin;D:\Program Files (x86)\btrace\btrace-bin-1.3.10.2\bin;D:\Program Files (x86)\Apache24\bin;C:\Program Files\PuTTY\;C:\Users\LiXinlei\AppData\Local\Microsoft\WindowsApps;D:\Program Files\Microsoft VS Code\bin;C:\Users\LiXinlei\AppData\Roaming\npm;C:\Users\LiXinlei\AppData\Local\GitHubDesktop\bin;%USERPROFILE%\AppData\Local\Microsoft\WindowsApps;
USERNAME=LiXinlei
OS=Windows_NT
PROCESSOR_IDENTIFIER=Intel64 Family 6 Model 94 Stepping 3, GenuineIntel



---------------  S Y S T E M  ---------------

OS: Windows 10.0 , 64 bit Build 17134 (10.0.17134.753)

CPU:total 8 (4 cores per cpu, 2 threads per core) family 6 model 94 stepping 3, cmov, cx8, fxsr, mmx, sse, sse2, sse3, ssse3, sse4.1, sse4.2, popcnt, avx, avx2, aes, clmul, erms, rtm, 3dnowpref, lzcnt, ht, tsc, tscinvbit, bmi1, bmi2, adx

Memory: 4k page, physical 16687908k(10120856k free), swap 19178276k(8229812k free)

vm_info: Java HotSpot(TM) 64-Bit Server VM (25.111-b14) for windows-amd64 JRE (1.8.0_111-b14), built on Sep 22 2016 19:24:05 by "java_re" with MS VC++ 10.0 (VS2010)

time: Mon Oct 07 16:37:20 2019
elapsed time: 421 seconds (0d 0h 7m 1s)

